INFO  2016-02-18 13:37:38,833 (Saros.java:220) Starting Saros 14.10.31 running:
  Java Version: 1.8.0_60
  Java Vendor: Oracle Corporation
  Eclipse Runtime Version: 3.11.0.v20150405-1723
  Operating System: Windows 8.1 (6.3)
  Hardware Architecture: amd64
INFO  2016-02-18 13:37:38,916 (SarosContext.java:153) creating Saros runtime context...
DEBUG 2016-02-18 13:37:39,006 (XMPPAccountStore.java:117) loading accounts from file: C:\Users\Mikael\.saros\config.dat
DEBUG 2016-02-18 13:37:39,449 (XMPPAccountStore.java:176) loaded 1 account(s)
INFO  2016-02-18 13:37:39,949 (SarosContext.java:199) successfully created Saros runtime context
DEBUG 2016-02-18 13:37:40,004 (DataTransferManager.java:467) used transport order for the current XMPP connection: [XMPP-Socks5-Transport, XMPP-IBB-Transport]
INFO  2016-02-18 13:37:40,063 (PreferenceInitializer.java:50) initializing preference default values
DEBUG 2016-02-18 13:37:40,421 (SarosAnnotation.java:117) resetting annotation colors
DEBUG 2016-02-18 13:37:40,568 (Saros.java:264) autogenerated favorite color id is: 4
DEBUG 2016-02-18 13:37:40,573 (Saros.java:430) skipping conversion of old XMPP accounts, because there are already new ones
DEBUG 2016-02-18 13:37:53,611 (WhiteboardManager.java:194) WhiteboardManager instantiated
DEBUG 2016-02-18 13:37:53,654 (DocumentRecord.java:93) Added Node: attr(145579907364662904) name=svg
DEBUG 2016-02-18 13:37:53,831 (XMPPConnectionService.java:439) started Socks5 proxy on port: 7777 [listening on all interfaces]
DEBUG 2016-02-18 13:37:54,140 (XMPPConnectionService.java:459) using autodetected addresses: [192.168.43.38, fe80:0:0:0:f01c:63c9:fa16:c4df%wlan0, 2001:0:9d38:6abd:3c0c:9fff:ac46:a858, fe80:0:0:0:3c0c:9fff:ac46:a858%net0]
DEBUG 2016-02-18 13:37:54,157 (XMPPConnectionService.java:398)  new connection state == CONNECTING
DEBUG 2016-02-18 13:37:55,849 (XMPPConnectionService.java:398) mikael@saros-con.imp.fu-berlin.de/Saros new connection state == CONNECTED
DEBUG 2016-02-18 13:37:55,849 (DataTransferManager.java:467) used transport order for the current XMPP connection: [XMPP-Socks5-Transport, XMPP-IBB-Transport]
DEBUG 2016-02-18 13:37:55,853 (SkypeManager.java:289) Refreshing Skype username cache...
WARN  2016-02-18 13:38:04,563 (StunServiceImpl.java:420) received no response from STUN server stunserver.org/69.172.201.208:3478 at local address /192.168.43.38:0
DEBUG 2016-02-18 13:39:11,907 (XMPPConnectionService.java:398) mikael@saros-con.imp.fu-berlin.de/Saros new connection state == DISCONNECTING
DEBUG 2016-02-18 13:39:12,065 (XMPPConnectionService.java:398)  new connection state == NOT_CONNECTED
DEBUG 2016-02-18 13:39:12,067 (UPnPServiceImpl.java:295) deleting existing port mappings
